Using pre-set license
Built from '2020.3/staging' branch; Version is '2020.3.6f1 (338bb68529b2) revision 3378102'; Using compiler version '192528614'; Build Type 'Release'
OS: 'Windows 10 Home; OS build 19042.1052; Version 2009; 64bit' Language: 'ko' Physical Memory: 16303 MB
BatchMode: 1, IsHumanControllingUs: 0, StartBugReporterOnCrash: 0, Is64bit: 1, IsPro: 0

 COMMAND LINE ARGUMENTS:
C:\Program Files\Unity\Hub\Editor\2020.3.6f1\Editor\Unity.exe
-adb2
-batchMode
-noUpm
-name
AssetImportWorker0
-projectPath
C:/Users/USER/Documents/unity-project/Seomin Project
-logFile
Logs/AssetImportWorker0.log
-srvPort
6780
Successfully changed project path to: C:/Users/USER/Documents/unity-project/Seomin Project
C:/Users/USER/Documents/unity-project/Seomin Project
Using Asset Import Pipeline V2.
Refreshing native plugins compatible for Editor in 33.10 ms, found 1 plugins.
Preloading 0 native plugins for Editor in 0.00 ms.
Initialize engine version: 2020.3.6f1 (338bb68529b2)
[Subsystems] Discovering subsystems at path C:/Program Files/Unity/Hub/Editor/2020.3.6f1/Editor/Data/Resources/UnitySubsystems
[Subsystems] Discovering subsystems at path C:/Users/USER/Documents/unity-project/Seomin Project/Assets
GfxDevice: creating device client; threaded=0
Direct3D:
    Version:  Direct3D 11.0 [level 11.1]
    Renderer: NVIDIA GeForce RTX 2060 (ID=0x1f51)
    Vendor:   
    VRAM:     5980 MB
    Driver:   26.21.14.3162
Initialize mono
Mono path[0] = 'C:/Program Files/Unity/Hub/Editor/2020.3.6f1/Editor/Data/Managed'
Mono path[1] = 'C:/Program Files/Unity/Hub/Editor/2020.3.6f1/Editor/Data/MonoBleedingEdge/lib/mono/unityjit'
Mono config path = 'C:/Program Files/Unity/Hub/Editor/2020.3.6f1/Editor/Data/MonoBleedingEdge/etc'
Using monoOptions --debugger-agent=transport=dt_socket,embedding=1,server=y,suspend=n,address=127.0.0.1:56776
Begin MonoManager ReloadAssembly
Registering precompiled unity dll's ...
Register platform support module: C:/Program Files/Unity/Hub/Editor/2020.3.6f1/Editor/Data/PlaybackEngines/WindowsStandaloneSupport/UnityEditor.WindowsStandalone.Extensions.dll
Registered in 0.001979 seconds.
Native extension for WindowsStandalone target not found
Refreshing native plugins compatible for Editor in 33.09 ms, found 1 plugins.
Preloading 0 native plugins for Editor in 0.00 ms.
Mono: successfully reloaded assembly
- Completed reload, in  1.782 seconds
Platform modules already initialized, skipping
Registering precompiled user dll's ...
Registered in 0.000924 seconds.
Begin MonoManager ReloadAssembly
Native extension for WindowsStandalone target not found
Refreshing native plugins compatible for Editor in 32.47 ms, found 1 plugins.
Preloading 0 native plugins for Editor in 0.00 ms.
Mono: successfully reloaded assembly
- Completed reload, in  0.937 seconds
Platform modules already initialized, skipping
========================================================================
Worker process is ready to serve import requests
Launched and connected shader compiler UnityShaderCompiler.exe after 0.04 seconds
Refreshing native plugins compatible for Editor in 0.32 ms, found 1 plugins.
Preloading 0 native plugins for Editor in 0.00 ms.
Unloading 1815 Unused Serialized files (Serialized files now loaded: 0)
System memory in use before: 169.4 MB.
System memory in use after: 169.6 MB.

Unloading 18 unused Assets to reduce memory usage. Loaded Objects now: 2284.
Total: 1.752500 ms (FindLiveObjects: 0.167700 ms CreateObjectMapping: 0.050300 ms MarkObjects: 1.517800 ms  DeleteObjects: 0.015800 ms)

========================================================================
Received Import Request.
  path: Assets/New Folder
  artifactKey: Guid(39bd398e1119ea144a8fccb61b4829be) Importer(815301076,1909f56bfc062723c751e8b465ee728b)
Start importing Assets/New Folder using Guid(39bd398e1119ea144a8fccb61b4829be) Importer(815301076,1909f56bfc062723c751e8b465ee728b)  -> (artifact id: '6ea5716e6d1fef8ec9e54ac4ac1bfa83') in 0.007942 seconds
  Import took 0.011447 seconds .

========================================================================
Received Import Request.
  Time since last request: 4.919161 seconds.
  path: Assets/Font
  artifactKey: Guid(39bd398e1119ea144a8fccb61b4829be) Importer(815301076,1909f56bfc062723c751e8b465ee728b)
Start importing Assets/Font using Guid(39bd398e1119ea144a8fccb61b4829be) Importer(815301076,1909f56bfc062723c751e8b465ee728b)  -> (artifact id: '1acbcf6cb8385a7b43d5c5104746d9db') in 0.007562 seconds
  Import took 0.010272 seconds .

========================================================================
Received Import Request.
  Time since last request: 23.839894 seconds.
  path: Assets/Font/godoMaum.ttf
  artifactKey: Guid(c913ccec7550bb74cae7f14fc6626358) Importer(815301076,1909f56bfc062723c751e8b465ee728b)
Start importing Assets/Font/godoMaum.ttf using Guid(c913ccec7550bb74cae7f14fc6626358) Importer(815301076,1909f56bfc062723c751e8b465ee728b)  -> (artifact id: '4507b9ff7f87c6a1cd965c0beb7888ca') in 0.146427 seconds
  Import took 0.149155 seconds .

========================================================================
Received Prepare
Registering precompiled user dll's ...
Registered in 0.000983 seconds.
Begin MonoManager ReloadAssembly
Native extension for WindowsStandalone target not found
Refreshing native plugins compatible for Editor in 0.31 ms, found 1 plugins.
Preloading 0 native plugins for Editor in 0.00 ms.
Mono: successfully reloaded assembly
- Completed reload, in  0.906 seconds
Platform modules already initialized, skipping
Switching build target platform(5) subTarget(0) extendedPlatform(0) -> platform(13) subTarget(537395200) extendedPlatform(0)
Refreshing native plugins compatible for Editor in 0.31 ms, found 1 plugins.
Preloading 0 native plugins for Editor in 0.00 ms.
Unloading 1808 Unused Serialized files (Serialized files now loaded: 0)
System memory in use before: 172.2 MB.
System memory in use after: 172.3 MB.

Unloading 8 unused Assets to reduce memory usage. Loaded Objects now: 2331.
Total: 2.132600 ms (FindLiveObjects: 0.229400 ms CreateObjectMapping: 0.126900 ms MarkObjects: 1.730900 ms  DeleteObjects: 0.043900 ms)

AssetImportParameters requested are different than current active one (requested -> active):
  custom:graphics/normal-map-encoding: 01000000000000000000000000000000 -> 02000000000000000000000000000000
========================================================================
Received Prepare
Registering precompiled user dll's ...
Registered in 0.001052 seconds.
Begin MonoManager ReloadAssembly
Native extension for WindowsStandalone target not found
Refreshing native plugins compatible for Editor in 0.31 ms, found 1 plugins.
Preloading 0 native plugins for Editor in 0.00 ms.
Mono: successfully reloaded assembly
- Completed reload, in  0.866 seconds
Platform modules already initialized, skipping
Switching build target platform(5) subTarget(0) extendedPlatform(0) -> platform(13) subTarget(537395200) extendedPlatform(0)
Refreshing native plugins compatible for Editor in 0.35 ms, found 1 plugins.
Preloading 0 native plugins for Editor in 0.00 ms.
Unloading 1808 Unused Serialized files (Serialized files now loaded: 0)
System memory in use before: 172.2 MB.
System memory in use after: 172.4 MB.

Unloading 8 unused Assets to reduce memory usage. Loaded Objects now: 2334.
Total: 2.112000 ms (FindLiveObjects: 0.230300 ms CreateObjectMapping: 0.057500 ms MarkObjects: 1.811200 ms  DeleteObjects: 0.012000 ms)

AssetImportParameters requested are different than current active one (requested -> active):
  custom:graphics/normal-map-encoding: 01000000000000000000000000000000 -> 02000000000000000000000000000000
========================================================================
Received Import Request.
  Time since last request: 273.603435 seconds.
  path: Assets/Scenes/Main.unity
  artifactKey: Guid(4d1cfc22311c3534aad3591c5802020e) Importer(815301076,1909f56bfc062723c751e8b465ee728b)
Start importing Assets/Scenes/Main.unity using Guid(4d1cfc22311c3534aad3591c5802020e) Importer(815301076,1909f56bfc062723c751e8b465ee728b)  -> (artifact id: '33a842f16b0940b1df09983ea670e4c7') in 0.011663 seconds
  Import took 0.014919 seconds .

AssetImportWorkerClient::OnTransportError - code=2 error=End of file
